<?xml version="1.0" encoding="UTF-8"?>
<testsuite name="com.backend.opiniothon.BackendOpiniothonApplicationTests" tests="0" skipped="0" failures="0" errors="0" timestamp="1970-01-01T00:00:00" hostname="Ankans-MacBook-Pro.local" time="0.0">
  <properties/>
  <system-out><![CDATA[23:40:46.889 [Test worker] DEBUG org.springframework.test.context.junit4.SpringJUnit4ClassRunner - SpringJUnit4ClassRunner constructor called with [class com.backend.opiniothon.BackendOpiniothonApplicationTests]
23:40:46.896 [Test worker] DEBUG org.springframework.test.context.BootstrapUtils - Instantiating CacheAwareContextLoaderDelegate from class [org.springframework.test.context.cache.DefaultCacheAwareContextLoaderDelegate]
23:40:46.902 [Test worker] DEBUG org.springframework.test.context.BootstrapUtils - Instantiating BootstrapContext using constructor [public org.springframework.test.context.support.DefaultBootstrapContext(java.lang.Class,org.springframework.test.context.CacheAwareContextLoaderDelegate)]
23:40:46.915 [Test worker] DEBUG org.springframework.test.context.BootstrapUtils - Instantiating TestContextBootstrapper for test class [com.backend.opiniothon.BackendOpiniothonApplicationTests] from class [org.springframework.test.context.web.WebTestContextBootstrapper]
23:40:46.946 [Test worker] DEBUG org.springframework.test.context.web.WebTestContextBootstrapper - Found explicit ContextLoader class [org.springframework.boot.test.SpringApplicationContextLoader] for context configuration attributes [ContextConfigurationAttributes@4e484f2d declaringClass = 'com.backend.opiniothon.BackendOpiniothonApplicationTests', classes = '{class com.backend.opiniothon.BackendOpiniothonApplication}', locations = '{}', inheritLocations = true, initializers = '{}', inheritInitializers = true, name = [null], contextLoaderClass = 'org.springframework.boot.test.SpringApplicationContextLoader']
23:40:46.957 [Test worker] DEBUG org.springframework.test.context.support.AbstractContextLoader - Did not detect default resource location for test class [com.backend.opiniothon.BackendOpiniothonApplicationTests]: class path resource [com/backend/opiniothon/BackendOpiniothonApplicationTests-context.xml] does not exist
23:40:46.957 [Test worker] DEBUG org.springframework.test.context.support.AbstractContextLoader - Did not detect default resource location for test class [com.backend.opiniothon.BackendOpiniothonApplicationTests]: class path resource [com/backend/opiniothon/BackendOpiniothonApplicationTestsContext.groovy] does not exist
23:40:46.958 [Test worker] INFO org.springframework.test.context.support.AbstractContextLoader - Could not detect default resource locations for test class [com.backend.opiniothon.BackendOpiniothonApplicationTests]: no resource found for suffixes {-context.xml, Context.groovy}.
23:40:46.960 [Test worker] DEBUG org.springframework.test.context.support.ActiveProfilesUtils - Could not find an 'annotation declaring class' for annotation type [org.springframework.test.context.ActiveProfiles] and class [com.backend.opiniothon.BackendOpiniothonApplicationTests]
23:40:46.965 [Test worker] DEBUG org.springframework.test.context.web.WebTestContextBootstrapper - @TestExecutionListeners is not present for class [com.backend.opiniothon.BackendOpiniothonApplicationTests]: using defaults.
23:40:46.975 [Test worker] INFO org.springframework.test.context.web.WebTestContextBootstrapper - Loaded default TestExecutionListener class names from location [META-INF/spring.factories]: [org.springframework.test.context.web.ServletTestExecutionListener, org.springframework.test.context.support.DirtiesContextBeforeModesTestExecutionListener, org.springframework.test.context.support.DependencyInjectionTestExecutionListener, org.springframework.test.context.support.DirtiesContextTestExecutionListener, org.springframework.test.context.transaction.TransactionalTestExecutionListener, org.springframework.test.context.jdbc.SqlScriptsTestExecutionListener]
23:40:47.015 [Test worker] INFO org.springframework.test.context.web.WebTestContextBootstrapper - Using TestExecutionListeners: [org.springframework.test.context.web.ServletTestExecutionListener@5b6cb210, org.springframework.test.context.support.DirtiesContextBeforeModesTestExecutionListener@3d1e6754, org.springframework.test.context.support.DependencyInjectionTestExecutionListener@1711db25, org.springframework.test.context.support.DirtiesContextTestExecutionListener@154a65f8, org.springframework.test.context.transaction.TransactionalTestExecutionListener@476c87b3, org.springframework.test.context.jdbc.SqlScriptsTestExecutionListener@26411d67]
23:40:47.041 [Test worker] DEBUG org.springframework.test.annotation.ProfileValueUtils - Retrieved @ProfileValueSourceConfiguration [null] for test class [com.backend.opiniothon.BackendOpiniothonApplicationTests]
23:40:47.042 [Test worker] DEBUG org.springframework.test.annotation.ProfileValueUtils - Retrieved ProfileValueSource type [class org.springframework.test.annotation.SystemProfileValueSource] for class [com.backend.opiniothon.BackendOpiniothonApplicationTests]
]]></system-out>
  <system-err><![CDATA[]]></system-err>
</testsuite>
