<?xml version="1.0" encoding="UTF-8"?>
<testsuite name="com.backend.opiniothon.BackendOpiniothonApplicationTests" tests="1" skipped="0" failures="0" errors="0" timestamp="2016-05-14T17:03:10" hostname="Ankans-MacBook-Pro.local" time="0.006">
  <properties/>
  <testcase name="contextLoads" classname="com.backend.opiniothon.BackendOpiniothonApplicationTests" time="0.006"/>
  <system-out><![CDATA[22:33:04.051 [Test worker] DEBUG org.springframework.test.context.junit4.SpringJUnit4ClassRunner - SpringJUnit4ClassRunner constructor called with [class com.backend.opiniothon.BackendOpiniothonApplicationTests]
22:33:04.057 [Test worker] DEBUG org.springframework.test.context.BootstrapUtils - Instantiating CacheAwareContextLoaderDelegate from class [org.springframework.test.context.cache.DefaultCacheAwareContextLoaderDelegate]
22:33:04.062 [Test worker] DEBUG org.springframework.test.context.BootstrapUtils - Instantiating BootstrapContext using constructor [public org.springframework.test.context.support.DefaultBootstrapContext(java.lang.Class,org.springframework.test.context.CacheAwareContextLoaderDelegate)]
22:33:04.075 [Test worker] DEBUG org.springframework.test.context.BootstrapUtils - Instantiating TestContextBootstrapper for test class [com.backend.opiniothon.BackendOpiniothonApplicationTests] from class [org.springframework.test.context.web.WebTestContextBootstrapper]
22:33:04.099 [Test worker] DEBUG org.springframework.test.context.web.WebTestContextBootstrapper - Found explicit ContextLoader class [org.springframework.boot.test.SpringApplicationContextLoader] for context configuration attributes [ContextConfigurationAttributes@7383be62 declaringClass = 'com.backend.opiniothon.BackendOpiniothonApplicationTests', classes = '{class com.backend.opiniothon.BackendOpiniothonApplication}', locations = '{}', inheritLocations = true, initializers = '{}', inheritInitializers = true, name = [null], contextLoaderClass = 'org.springframework.boot.test.SpringApplicationContextLoader']
22:33:04.110 [Test worker] DEBUG org.springframework.test.context.support.AbstractContextLoader - Did not detect default resource location for test class [com.backend.opiniothon.BackendOpiniothonApplicationTests]: class path resource [com/backend/opiniothon/BackendOpiniothonApplicationTests-context.xml] does not exist
22:33:04.111 [Test worker] DEBUG org.springframework.test.context.support.AbstractContextLoader - Did not detect default resource location for test class [com.backend.opiniothon.BackendOpiniothonApplicationTests]: class path resource [com/backend/opiniothon/BackendOpiniothonApplicationTestsContext.groovy] does not exist
22:33:04.111 [Test worker] INFO org.springframework.test.context.support.AbstractContextLoader - Could not detect default resource locations for test class [com.backend.opiniothon.BackendOpiniothonApplicationTests]: no resource found for suffixes {-context.xml, Context.groovy}.
22:33:04.113 [Test worker] DEBUG org.springframework.test.context.support.ActiveProfilesUtils - Could not find an 'annotation declaring class' for annotation type [org.springframework.test.context.ActiveProfiles] and class [com.backend.opiniothon.BackendOpiniothonApplicationTests]
22:33:04.119 [Test worker] DEBUG org.springframework.test.context.web.WebTestContextBootstrapper - @TestExecutionListeners is not present for class [com.backend.opiniothon.BackendOpiniothonApplicationTests]: using defaults.
22:33:04.128 [Test worker] INFO org.springframework.test.context.web.WebTestContextBootstrapper - Loaded default TestExecutionListener class names from location [META-INF/spring.factories]: [org.springframework.test.context.web.ServletTestExecutionListener, org.springframework.test.context.support.DirtiesContextBeforeModesTestExecutionListener, org.springframework.test.context.support.DependencyInjectionTestExecutionListener, org.springframework.test.context.support.DirtiesContextTestExecutionListener, org.springframework.test.context.transaction.TransactionalTestExecutionListener, org.springframework.test.context.jdbc.SqlScriptsTestExecutionListener]
22:33:04.157 [Test worker] INFO org.springframework.test.context.web.WebTestContextBootstrapper - Using TestExecutionListeners: [org.springframework.test.context.web.ServletTestExecutionListener@363affc0, org.springframework.test.context.support.DirtiesContextBeforeModesTestExecutionListener@5b6cb210, org.springframework.test.context.support.DependencyInjectionTestExecutionListener@3d1e6754, org.springframework.test.context.support.DirtiesContextTestExecutionListener@1711db25, org.springframework.test.context.transaction.TransactionalTestExecutionListener@154a65f8, org.springframework.test.context.jdbc.SqlScriptsTestExecutionListener@476c87b3]
22:33:04.162 [Test worker] DEBUG org.springframework.test.annotation.ProfileValueUtils - Retrieved @ProfileValueSourceConfiguration [null] for test class [com.backend.opiniothon.BackendOpiniothonApplicationTests]
22:33:04.163 [Test worker] DEBUG org.springframework.test.annotation.ProfileValueUtils - Retrieved ProfileValueSource type [class org.springframework.test.annotation.SystemProfileValueSource] for class [com.backend.opiniothon.BackendOpiniothonApplicationTests]
22:33:04.164 [Test worker] DEBUG org.springframework.test.annotation.ProfileValueUtils - Retrieved @ProfileValueSourceConfiguration [null] for test class [com.backend.opiniothon.BackendOpiniothonApplicationTests]
22:33:04.164 [Test worker] DEBUG org.springframework.test.annotation.ProfileValueUtils - Retrieved ProfileValueSource type [class org.springframework.test.annotation.SystemProfileValueSource] for class [com.backend.opiniothon.BackendOpiniothonApplicationTests]
22:33:04.167 [Test worker] DEBUG org.springframework.test.context.support.AbstractDirtiesContextTestExecutionListener - Before test class: context [DefaultTestContext@414fabe1 testClass = BackendOpiniothonApplicationTests, testInstance = [null], testMethod = [null], testException = [null], mergedContextConfiguration = [WebMergedContextConfiguration@559d6246 testClass = BackendOpiniothonApplicationTests, locations = '{}', classes = '{class com.backend.opiniothon.BackendOpiniothonApplication}', contextInitializerClasses = '[]', activeProfiles = '{}', propertySourceLocations = '{}', propertySourceProperties = '{}', resourceBasePath = 'src/main/webapp', contextLoader = 'org.springframework.boot.test.SpringApplicationContextLoader', parent = [null]]], class annotated with @DirtiesContext [false] with mode [null].
22:33:04.168 [Test worker] DEBUG org.springframework.test.annotation.ProfileValueUtils - Retrieved @ProfileValueSourceConfiguration [null] for test class [com.backend.opiniothon.BackendOpiniothonApplicationTests]
22:33:04.168 [Test worker] DEBUG org.springframework.test.annotation.ProfileValueUtils - Retrieved ProfileValueSource type [class org.springframework.test.annotation.SystemProfileValueSource] for class [com.backend.opiniothon.BackendOpiniothonApplicationTests]
22:33:04.258 [Test worker] DEBUG org.springframework.core.env.StandardEnvironment - Adding [systemProperties] PropertySource with lowest search precedence
22:33:04.260 [Test worker] DEBUG org.springframework.core.env.StandardEnvironment - Adding [systemEnvironment] PropertySource with lowest search precedence
22:33:04.261 [Test worker] DEBUG org.springframework.core.env.StandardEnvironment - Initialized StandardEnvironment with PropertySources [systemProperties,systemEnvironment]
22:33:04.262 [Test worker] DEBUG org.springframework.core.env.StandardEnvironment - Adding [integrationTest] PropertySource with search precedence immediately lower than [systemEnvironment]

  .   ____          _            __ _ _
 /\\ / ___'_ __ _ _(_)_ __  __ _ \ \ \ \
( ( )\___ | '_ | '_| | '_ \/ _` | \ \ \ \
 \\/  ___)| |_)| | | | | || (_| |  ) ) ) )
  '  |____| .__|_| |_|_| |_\__, | / / / /
 =========|_|==============|___/=/_/_/_/
 :: Spring Boot ::        (v1.3.5.RELEASE)

2016-05-14 22:33:04.870  INFO 1276 --- [    Test worker] c.b.o.BackendOpiniothonApplicationTests  : Starting BackendOpiniothonApplicationTests on Ankans-MacBook-Pro.local with PID 1276 (/Users/ankan/Documents/workspace-spring/BackendOpiniothon/build/classes/test started by ankan in /Users/ankan/Documents/workspace-spring/BackendOpiniothon)
2016-05-14 22:33:04.872  INFO 1276 --- [    Test worker] c.b.o.BackendOpiniothonApplicationTests  : No active profile set, falling back to default profiles: default
2016-05-14 22:33:04.979  INFO 1276 --- [    Test worker] o.s.w.c.s.GenericWebApplicationContext   : Refreshing org.springframework.web.context.support.GenericWebApplicationContext@1cd16868: startup date [Sat May 14 22:33:04 IST 2016]; root of context hierarchy
2016-05-14 22:33:07.452  INFO 1276 --- [    Test worker] trationDelegate$BeanPostProcessorChecker : Bean 'org.springframework.transaction.annotation.ProxyTransactionManagementConfiguration' of type [class org.springframework.transaction.annotation.ProxyTransactionManagementConfiguration$$EnhancerBySpringCGLIB$$cfcdd61d] is not eligible for getting processed by all BeanPostProcessors (for example: not eligible for auto-proxying)
2016-05-14 22:33:08.356  INFO 1276 --- [    Test worker] j.LocalContainerEntityManagerFactoryBean : Building JPA container EntityManagerFactory for persistence unit 'default'
2016-05-14 22:33:08.388  INFO 1276 --- [    Test worker] o.hibernate.jpa.internal.util.LogHelper  : HHH000204: Processing PersistenceUnitInfo [
	name: default
	...]
2016-05-14 22:33:08.477  INFO 1276 --- [    Test worker] org.hibernate.Version                    : HHH000412: Hibernate Core {4.3.11.Final}
2016-05-14 22:33:08.478  INFO 1276 --- [    Test worker] org.hibernate.cfg.Environment            : HHH000206: hibernate.properties not found
2016-05-14 22:33:08.480  INFO 1276 --- [    Test worker] org.hibernate.cfg.Environment            : HHH000021: Bytecode provider name : javassist
2016-05-14 22:33:08.629  INFO 1276 --- [    Test worker] o.hibernate.annotations.common.Version   : HCANN000001: Hibernate Commons Annotations {4.0.5.Final}
2016-05-14 22:33:08.707  INFO 1276 --- [    Test worker] org.hibernate.dialect.Dialect            : HHH000400: Using dialect: org.hibernate.dialect.H2Dialect
2016-05-14 22:33:08.756  INFO 1276 --- [    Test worker] o.h.h.i.ast.ASTQueryTranslatorFactory    : HHH000397: Using ASTQueryTranslatorFactory
2016-05-14 22:33:08.858  INFO 1276 --- [    Test worker] org.hibernate.tool.hbm2ddl.SchemaExport  : HHH000227: Running hbm2ddl schema export
2016-05-14 22:33:08.861  INFO 1276 --- [    Test worker] org.hibernate.tool.hbm2ddl.SchemaExport  : HHH000230: Schema export complete
2016-05-14 22:33:09.725  INFO 1276 --- [    Test worker] s.w.s.m.m.a.RequestMappingHandlerAdapter : Looking for @ControllerAdvice: org.springframework.web.context.support.GenericWebApplicationContext@1cd16868: startup date [Sat May 14 22:33:04 IST 2016]; root of context hierarchy
2016-05-14 22:33:09.813  INFO 1276 --- [    Test worker] s.w.s.m.m.a.RequestMappingHandlerMapping : Mapped "{[/demo],methods=[GET]}" onto public entity.DemoEntity com.backend.opiniothon.Demo.demoApp(java.lang.String)
2016-05-14 22:33:09.819  INFO 1276 --- [    Test worker] s.w.s.m.m.a.RequestMappingHandlerMapping : Mapped "{[/error]}" onto public org.springframework.http.ResponseEntity<java.util.Map<java.lang.String, java.lang.Object>> org.springframework.boot.autoconfigure.web.BasicErrorController.error(javax.servlet.http.HttpServletRequest)
2016-05-14 22:33:09.820  INFO 1276 --- [    Test worker] s.w.s.m.m.a.RequestMappingHandlerMapping : Mapped "{[/error],produces=[text/html]}" onto public org.springframework.web.servlet.ModelAndView org.springframework.boot.autoconfigure.web.BasicErrorController.errorHtml(javax.servlet.http.HttpServletRequest,javax.servlet.http.HttpServletResponse)
2016-05-14 22:33:09.876  INFO 1276 --- [    Test worker] o.s.w.s.handler.SimpleUrlHandlerMapping  : Mapped URL path [/webjars/**] onto handler of type [class org.springframework.web.servlet.resource.ResourceHttpRequestHandler]
2016-05-14 22:33:09.876  INFO 1276 --- [    Test worker] o.s.w.s.handler.SimpleUrlHandlerMapping  : Mapped URL path [/**] onto handler of type [class org.springframework.web.servlet.resource.ResourceHttpRequestHandler]
2016-05-14 22:33:09.950  INFO 1276 --- [    Test worker] o.s.w.s.handler.SimpleUrlHandlerMapping  : Mapped URL path [/**/favicon.ico] onto handler of type [class org.springframework.web.servlet.resource.ResourceHttpRequestHandler]
2016-05-14 22:33:10.495  INFO 1276 --- [    Test worker] c.b.o.BackendOpiniothonApplicationTests  : Started BackendOpiniothonApplicationTests in 6.222 seconds (JVM running for 7.311)
]]></system-out>
  <system-err><![CDATA[]]></system-err>
</testsuite>
